Copyright 1986-2022 Xilinx, Inc. All Rights Reserved.
---------------------------------------------------------------------------------------------
| Tool Version : Vivado v.2022.1 (win64) Build 3526262 Mon Apr 18 15:48:16 MDT 2022
| Date         : Wed Oct 30 17:22:02 2024
| Host         : xiuchengtian running 64-bit major release  (build 9200)
| Command      : report_clock_utilization -file ov5640_fun4_lcd_clock_utilization_routed.rpt
| Design       : ov5640_fun4_lcd
| Device       : 7a100t-fgg484
| Speed File   : -2  PRODUCTION 1.23 2018-06-13
| Design State : Routed
---------------------------------------------------------------------------------------------

Clock Utilization Report

Table of Contents
-----------------
1. Clock Primitive Utilization
2. Global Clock Resources
3. Global Clock Source Details
4. Local Clock Details
5. Clock Regions: Key Resource Utilization
6. Clock Regions : Global Clock Summary
7. Device Cell Placement Summary for Global Clock g0
8. Device Cell Placement Summary for Global Clock g1
9. Device Cell Placement Summary for Global Clock g2
10. Device Cell Placement Summary for Global Clock g3
11. Device Cell Placement Summary for Global Clock g4
12. Device Cell Placement Summary for Global Clock g5
13. Device Cell Placement Summary for Global Clock g6
14. Device Cell Placement Summary for Global Clock g7
15. Device Cell Placement Summary for Global Clock g8
16. Device Cell Placement Summary for Global Clock g9
17. Clock Region Cell Placement per Global Clock: Region X0Y0
18. Clock Region Cell Placement per Global Clock: Region X1Y0
19. Clock Region Cell Placement per Global Clock: Region X0Y1
20. Clock Region Cell Placement per Global Clock: Region X1Y1
21. Clock Region Cell Placement per Global Clock: Region X0Y2
22. Clock Region Cell Placement per Global Clock: Region X1Y2
23. Clock Region Cell Placement per Global Clock: Region X0Y3
24. Clock Region Cell Placement per Global Clock: Region X1Y3

1. Clock Primitive Utilization
------------------------------

+----------+------+-----------+-----+--------------+--------+
| Type     | Used | Available | LOC | Clock Region | Pblock |
+----------+------+-----------+-----+--------------+--------+
| BUFGCTRL |    9 |        32 |   0 |            0 |      0 |
| BUFH     |    1 |        96 |   0 |            0 |      0 |
| BUFIO    |    0 |        24 |   0 |            0 |      0 |
| BUFMR    |    0 |        12 |   0 |            0 |      0 |
| BUFR     |    0 |        24 |   0 |            0 |      0 |
| MMCM     |    2 |         6 |   1 |            0 |      0 |
| PLL      |    1 |         6 |   1 |            0 |      0 |
+----------+------+-----------+-----+--------------+--------+


2. Global Clock Resources
-------------------------

+-----------+-----------+-----------------+------------+---------------+--------------+-------------------+-------------+-----------------+--------------+--------------------+----------------------------------------------------------------------------------------+-------------------------------------------------------------------------------+
| Global Id | Source Id | Driver Type/Pin | Constraint | Site          | Clock Region | Load Clock Region | Clock Loads | Non-Clock Loads | Clock Period | Clock              | Driver Pin                                                                             | Net                                                                           |
+-----------+-----------+-----------------+------------+---------------+--------------+-------------------+-------------+-----------------+--------------+--------------------+----------------------------------------------------------------------------------------+-------------------------------------------------------------------------------+
| g0        | src0      | BUFG/O          | None       | BUFGCTRL_X0Y0 | n/a          |                 8 |        7939 |               0 |       40.000 | cmos_pclk          | cam_pclk_IBUF_BUFG_inst/O                                                              | cam_pclk_IBUF_BUFG                                                            |
| g1        | src1      | BUFG/O          | None       | BUFGCTRL_X0Y1 | n/a          |                 5 |        5834 |               0 |       10.000 | clk_pll_i          | u_ddr3_top/u_mig_7series_0/u_mig_7series_0_mig/u_ddr3_infrastructure/u_bufg_clkdiv0/O  | u_ddr3_top/u_mig_7series_0/u_mig_7series_0_mig/u_ddr3_infrastructure/CLK      |
| g2        | src2      | BUFG/O          | None       | BUFGCTRL_X0Y2 | n/a          |                 3 |         700 |               1 |       20.000 | clk_out2_clk_wiz_0 | lcd_pclk_OBUF_BUFG_inst/O                                                              | lcd_pclk_OBUF_BUFG                                                            |
| g3        | src3      | BUFG/O          | None       | BUFGCTRL_X0Y4 | n/a          |                 4 |          95 |               0 |       20.000 | sys_clk            | sys_clk_IBUF_BUFG_inst/O                                                               | sys_clk_IBUF_BUFG                                                             |
| g4        | src4      | BUFG/O          | None       | BUFGCTRL_X0Y5 | n/a          |                 1 |          88 |               0 |              |                    | i2c_exec_reg_i_2/O                                                                     | i2c_dri_clk                                                                   |
| g5        | src5      | BUFG/O          | None       | BUFGCTRL_X0Y6 | n/a          |                 1 |          64 |               0 |              |                    | char2_pixel_index_reg[8]_i_2/O                                                         | u4_add_char/char1_pixel_index0                                                |
| g6        | src6      | BUFG/O          | None       | BUFGCTRL_X0Y3 | n/a          |                 3 |          63 |               0 |        5.000 | clk_out1_clk_wiz_0 | u_clk_wiz_0/inst/clkout1_buf/O                                                         | u_clk_wiz_0/inst/clk_out1                                                     |
| g7        | src2      | BUFG/O          | None       | BUFGCTRL_X0Y7 | n/a          |                 1 |          38 |               1 |       20.000 | clk_out2_clk_wiz_0 | u_clk_wiz_0/inst/clkout2_buf/O                                                         | u_clk_wiz_0/inst/clk_out2                                                     |
| g8        | src7      | BUFG/O          | None       | BUFGCTRL_X0Y8 | n/a          |                 1 |           1 |               0 |       20.000 | clkfbout_clk_wiz_0 | u_clk_wiz_0/inst/clkf_buf/O                                                            | u_clk_wiz_0/inst/clkfbout_buf_clk_wiz_0                                       |
| g9        | src8      | BUFH/O          | None       | BUFHCE_X1Y12  | X1Y1         |                 1 |           1 |               0 |       10.000 | pll_clk3_out       | u_ddr3_top/u_mig_7series_0/u_mig_7series_0_mig/u_ddr3_infrastructure/u_bufh_pll_clk3/O | u_ddr3_top/u_mig_7series_0/u_mig_7series_0_mig/u_ddr3_infrastructure/pll_clk3 |
+-----------+-----------+-----------------+------------+---------------+--------------+-------------------+-------------+-----------------+--------------+--------------------+----------------------------------------------------------------------------------------+-------------------------------------------------------------------------------+
* Clock Loads column represents the clock pin loads (pin count). Internal cell leaf pins are not counted
** Non-Clock Loads column represents the non-clock pin loads (pin count)


3. Global Clock Source Details
------------------------------

+-----------+-----------+---------------------+-----------------+-----------------+--------------+-------------+-----------------+---------------------+--------------------+-----------------------------------------------------------------------------------------------+-----------------------------------------------------------------------------------+
| Source Id | Global Id | Driver Type/Pin     | Constraint      | Site            | Clock Region | Clock Loads | Non-Clock Loads | Source Clock Period | Source Clock       | Driver Pin                                                                                    | Net                                                                               |
+-----------+-----------+---------------------+-----------------+-----------------+--------------+-------------+-----------------+---------------------+--------------------+-----------------------------------------------------------------------------------------------+-----------------------------------------------------------------------------------+
| src0      | g0        | IBUF/O              | IOB_X0Y63       | IOB_X0Y63       | X0Y1         |           1 |               0 |              40.000 | cmos_pclk          | cam_pclk_IBUF_inst/O                                                                          | cam_pclk_IBUF                                                                     |
| src1      | g1        | MMCME2_ADV/CLKFBOUT | MMCME2_ADV_X1Y1 | MMCME2_ADV_X1Y1 | X1Y1         |           1 |               0 |              10.000 | clk_pll_i          | u_ddr3_top/u_mig_7series_0/u_mig_7series_0_mig/u_ddr3_infrastructure/gen_mmcm.mmcm_i/CLKFBOUT | u_ddr3_top/u_mig_7series_0/u_mig_7series_0_mig/u_ddr3_infrastructure/clk_pll_i    |
| src2      | g2        | LUT6/O              | None            | SLICE_X54Y96    | X1Y1         |           1 |               0 |              20.000 | clk_out2_clk_wiz_0 | u_lcd_rgb_top/u_rd_id/lcd_pclk_OBUF_BUFG_inst_i_1/O                                           | u_lcd_rgb_top/u_rd_id/lcd_pclk_OBUF                                               |
| src2      | g7        | MMCME2_ADV/CLKOUT1  | None            | MMCME2_ADV_X0Y0 | X0Y0         |           1 |               0 |              20.000 | clk_out2_clk_wiz_0 | u_clk_wiz_0/inst/mmcm_adv_inst/CLKOUT1                                                        | u_clk_wiz_0/inst/clk_out2_clk_wiz_0                                               |
| src3      | g3        | IBUF/O              | IOB_X1Y74       | IOB_X1Y74       | X1Y1         |           1 |               0 |              20.000 | sys_clk            | sys_clk_IBUF_inst/O                                                                           | sys_clk_IBUF                                                                      |
| src4      | g4        | FDCE/Q              | None            | SLICE_X66Y88    | X1Y1         |           1 |               1 |                     |                    | u_ov5640_dri/u_i2c_dr/dri_clk_reg/Q                                                           | u_ov5640_dri/u_i2c_dr/dri_clk_reg_0                                               |
| src5      | g5        | LUT3/O              | None            | SLICE_X51Y97    | X0Y1         |           1 |               0 |                     |                    | u_image_process/u4_add_char/char2_pixel_index_reg[8]_i_4/O                                    | u_image_process/u4_add_char/post_frame_rgb_reg[15]_i_12_0                         |
| src6      | g6        | MMCME2_ADV/CLKOUT0  | None            | MMCME2_ADV_X0Y0 | X0Y0         |           1 |               0 |               5.000 | clk_out1_clk_wiz_0 | u_clk_wiz_0/inst/mmcm_adv_inst/CLKOUT0                                                        | u_clk_wiz_0/inst/clk_out1_clk_wiz_0                                               |
| src7      | g8        | MMCME2_ADV/CLKFBOUT | None            | MMCME2_ADV_X0Y0 | X0Y0         |           1 |               0 |              20.000 | clkfbout_clk_wiz_0 | u_clk_wiz_0/inst/mmcm_adv_inst/CLKFBOUT                                                       | u_clk_wiz_0/inst/clkfbout_clk_wiz_0                                               |
| src8      | g9        | PLLE2_ADV/CLKOUT3   | PLLE2_ADV_X1Y1  | PLLE2_ADV_X1Y1  | X1Y1         |           1 |               0 |              10.000 | pll_clk3_out       | u_ddr3_top/u_mig_7series_0/u_mig_7series_0_mig/u_ddr3_infrastructure/plle2_i/CLKOUT3          | u_ddr3_top/u_mig_7series_0/u_mig_7series_0_mig/u_ddr3_infrastructure/pll_clk3_out |
+-----------+-----------+---------------------+-----------------+-----------------+--------------+-------------+-----------------+---------------------+--------------------+-----------------------------------------------------------------------------------------------+-----------------------------------------------------------------------------------+
* Clock Loads column represents the clock pin loads (pin count). Internal cell leaf pins are not counted
** Non-Clock Loads column represents the non-clock pin loads (pin count)


4. Local Clock Details
----------------------

+----------+----------------------------+----------------------+-------------------------------------+--------------+-------------+-----------------+--------------+---------------+---------------------------------------------------------------------------------------------------------------------------------------------------------------------------------------------------------------------+------------------------------------------------------------------------------------------------------------------------------------------------------------------------------------------------------------------+
| Local Id | Driver Type/Pin            | Constraint           | Site/BEL                            | Clock Region | Clock Loads | Non-Clock Loads | Clock Period | Clock         | Driver Pin                                                                                                                                                                                                          | Net                                                                                                                                                                                                              |
+----------+----------------------------+----------------------+-------------------------------------+--------------+-------------+-----------------+--------------+---------------+---------------------------------------------------------------------------------------------------------------------------------------------------------------------------------------------------------------------+------------------------------------------------------------------------------------------------------------------------------------------------------------------------------------------------------------------||
| 0        | PLLE2_ADV/CLKOUT0          | PLLE2_ADV_X1Y1       | PLLE2_ADV_X1Y1/PLLE2_ADV            | X1Y1         |           9 |               4 |        1.250 | freq_refclk   | u_ddr3_top/u_mig_7series_0/u_mig_7series_0_mig/u_ddr3_infrastructure/plle2_i/CLKOUT0                                                                                                                                | u_ddr3_top/u_mig_7series_0/u_mig_7series_0_mig/u_ddr3_infrastructure/freq_refclk                                                                                                                                 - Static -
| 1        | PLLE2_ADV/CLKOUT1          | PLLE2_ADV_X1Y1       | PLLE2_ADV_X1Y1/PLLE2_ADV            | X1Y1         |           2 |              11 |        2.500 | mem_refclk    | u_ddr3_top/u_mig_7series_0/u_mig_7series_0_mig/u_ddr3_infrastructure/plle2_i/CLKOUT1                                                                                                                                | u_ddr3_top/u_mig_7series_0/u_mig_7series_0_mig/u_ddr3_infrastructure/mem_refclk                                                                                                                                  - Static -
| 2        | PHASER_OUT_PHY/OCLKDELAYED | PHASER_OUT_PHY_X1Y8  | PHASER_OUT_PHY_X1Y8/PHASER_OUT_PHY  | X1Y2         |           2 |               0 |        2.500 | oserdes_clk   | u_ddr3_top/u_mig_7series_0/u_mig_7series_0_mig/u_memc_ui_top_std/mem_intfc0/ddr_phy_top0/u_ddr_mc_phy_wrapper/u_ddr_mc_phy/ddr_phy_4lanes_0.u_ddr_phy_4lanes/ddr_byte_lane_A.ddr_byte_lane_A/phaser_out/OCLKDELAYED | u_ddr3_top/u_mig_7series_0/u_mig_7series_0_mig/u_memc_ui_top_std/mem_intfc0/ddr_phy_top0/u_ddr_mc_phy_wrapper/u_ddr_mc_phy/ddr_phy_4lanes_0.u_ddr_phy_4lanes/ddr_byte_lane_A.ddr_byte_lane_A/oserdes_clk_delayed - Static -
| 3        | PHASER_OUT_PHY/OCLKDELAYED | PHASER_OUT_PHY_X1Y9  | PHASER_OUT_PHY_X1Y9/PHASER_OUT_PHY  | X1Y2         |           2 |               0 |        2.500 | oserdes_clk_1 | u_ddr3_top/u_mig_7series_0/u_mig_7series_0_mig/u_memc_ui_top_std/mem_intfc0/ddr_phy_top0/u_ddr_mc_phy_wrapper/u_ddr_mc_phy/ddr_phy_4lanes_0.u_ddr_phy_4lanes/ddr_byte_lane_B.ddr_byte_lane_B/phaser_out/OCLKDELAYED | u_ddr3_top/u_mig_7series_0/u_mig_7series_0_mig/u_memc_ui_top_std/mem_intfc0/ddr_phy_top0/u_ddr_mc_phy_wrapper/u_ddr_mc_phy/ddr_phy_4lanes_0.u_ddr_phy_4lanes/ddr_byte_lane_B.ddr_byte_lane_B/oserdes_clk_delayed - Static -
| 4        | PHASER_OUT_PHY/OCLKDELAYED | PHASER_OUT_PHY_X1Y10 | PHASER_OUT_PHY_X1Y10/PHASER_OUT_PHY | X1Y2         |           2 |               0 |        2.500 | oserdes_clk_2 | u_ddr3_top/u_mig_7series_0/u_mig_7series_0_mig/u_memc_ui_top_std/mem_intfc0/ddr_phy_top0/u_ddr_mc_phy_wrapper/u_ddr_mc_phy/ddr_phy_4lanes_0.u_ddr_phy_4lanes/ddr_byte_lane_C.ddr_byte_lane_C/phaser_out/OCLKDELAYED | u_ddr3_top/u_mig_7series_0/u_mig_7series_0_mig/u_memc_ui_top_std/mem_intfc0/ddr_phy_top0/u_ddr_mc_phy_wrapper/u_ddr_mc_phy/ddr_phy_4lanes_0.u_ddr_phy_4lanes/ddr_byte_lane_C.ddr_byte_lane_C/oserdes_clk_delayed - Static -
| 5        | PHASER_OUT_PHY/OCLKDELAYED | PHASER_OUT_PHY_X1Y11 | PHASER_OUT_PHY_X1Y11/PHASER_OUT_PHY | X1Y2         |           2 |               0 |        2.500 | oserdes_clk_3 | u_ddr3_top/u_mig_7series_0/u_mig_7series_0_mig/u_memc_ui_top_std/mem_intfc0/ddr_phy_top0/u_ddr_mc_phy_wrapper/u_ddr_mc_phy/ddr_phy_4lanes_0.u_ddr_phy_4lanes/ddr_byte_lane_D.ddr_byte_lane_D/phaser_out/OCLKDELAYED | u_ddr3_top/u_mig_7series_0/u_mig_7series_0_mig/u_memc_ui_top_std/mem_intfc0/ddr_phy_top0/u_ddr_mc_phy_wrapper/u_ddr_mc_phy/ddr_phy_4lanes_0.u_ddr_phy_4lanes/ddr_byte_lane_D.ddr_byte_lane_D/oserdes_clk_delayed - Static -
+----------+----------------------------+----------------------+-------------------------------------+--------------+-------------+-----------------+--------------+---------------+---------------------------------------------------------------------------------------------------------------------------------------------------------------------------------------------------------------------+------------------------------------------------------------------------------------------------------------------------------------------------------------------------------------------------------------------||
* Local Clocks in this context represents only clocks driven by non-global buffers
** Clock Loads column represents the clock pin loads (pin count). Internal cell leaf pins are not counted
*** Non-Clock Loads column represents the non-clock pin loads (pin count)


5. Clock Regions: Key Resource Utilization
------------------------------------------

+-------------------+--------------+--------------+--------------+--------------+--------------+--------------+--------------+--------------+--------------+--------------+--------------+--------------+--------------+--------------+--------------+
|                   | Global Clock |     BUFRs    |    BUFMRs    |    BUFIOs    |     MMCM     |      PLL     |      GT      |      PCI     |    ILOGIC    |    OLOGIC    |      FF      |     LUTM     |    RAMB18    |    RAMB36    |    DSP48E2   |
+-------------------+------+-------+------+-------+------+-------+------+-------+------+-------+------+-------+------+-------+------+-------+------+-------+------+-------+------+-------+------+-------+------+-------+------+-------+------+-------+
| Clock Region Name | Used | Avail | Used | Avail | Used | Avail | Used | Avail | Used | Avail | Used | Avail | Used | Avail | Used | Avail | Used | Avail | Used | Avail | Used | Avail | Used | Avail | Used | Avail | Used | Avail | Used | Avail |
+-------------------+------+-------+------+-------+------+-------+------+-------+------+-------+------+-------+------+-------+------+-------+------+-------+------+-------+------+-------+------+-------+------+-------+------+-------+------+-------+
| X0Y0              |    3 |    12 |    0 |     4 |    0 |     2 |    0 |     4 |    1 |     1 |    0 |     1 |    0 |     0 |    0 |     0 |    0 |    50 |    0 |    50 |  535 |  2600 |   92 |   600 |    0 |    20 |    0 |    10 |    0 |    20 |
| X1Y0              |    1 |    12 |    0 |     0 |    0 |     0 |    0 |     0 |    0 |     0 |    0 |     0 |    0 |     4 |    0 |     0 |    0 |     0 |    0 |     0 |  757 |  1500 |  282 |   550 |    0 |    40 |    0 |    20 |    0 |    40 |
| X0Y1              |    2 |    12 |    0 |     4 |    0 |     2 |    0 |     4 |    0 |     1 |    0 |     1 |    0 |     0 |    0 |     0 |    8 |    50 |    0 |    50 |  750 |  2000 |  262 |   600 |    0 |    20 |    0 |    10 |    0 |    20 |
| X1Y1              |    7 |    12 |    0 |     4 |    0 |     2 |    0 |     4 |    1 |     1 |    1 |     1 |    0 |     0 |    0 |     0 |    0 |    50 |    0 |    50 | 1849 |  1900 |  669 |   650 |    0 |    60 |    0 |    30 |    0 |    40 |
| X0Y2              |    5 |    12 |    0 |     4 |    0 |     2 |    0 |     4 |    0 |     1 |    0 |     1 |    0 |     0 |    0 |     0 |    0 |    50 |    0 |    50 | 2330 |  2000 |  747 |   600 |    1 |    20 |    3 |    10 |    0 |    20 |
| X1Y2              |    3 |    12 |    0 |     4 |    0 |     2 |    0 |     4 |    0 |     1 |    0 |     1 |    0 |     0 |    0 |     0 |    0 |    50 |    8 |    50 | 2719 |  1900 |  880 |   650 |    0 |    60 |    4 |    30 |    0 |    40 |
| X0Y3              |    5 |    12 |    0 |     4 |    0 |     2 |    0 |     4 |    0 |     1 |    0 |     1 |    0 |     0 |    0 |     0 |    0 |    50 |    0 |    50 | 3214 |  2600 |  742 |   600 |    1 |    20 |    1 |    10 |    0 |    20 |
| X1Y3              |    2 |    12 |    0 |     0 |    0 |     0 |    0 |     0 |    0 |     0 |    0 |     0 |    0 |     4 |    0 |     1 |    0 |     0 |    0 |     0 | 2242 |  1350 |  825 |   500 |    3 |    30 |    0 |    15 |    0 |    40 |
+-------------------+------+-------+------+-------+------+-------+------+-------+------+-------+------+-------+------+-------+------+-------+------+-------+------+-------+------+-------+------+-------+------+-------+------+-------+------+-------+
* Global Clock column represents track count; while other columns represents cell counts


6. Clock Regions : Global Clock Summary
---------------------------------------

All Modules
+----+----+----+
|    | X0 | X1 |
+----+----+----+
| Y3 |  5 |  2 |
| Y2 |  5 |  3 |
| Y1 |  2 |  7 |
| Y0 |  3 |  1 |
+----+----+----+


7. Device Cell Placement Summary for Global Clock g0
----------------------------------------------------

+-----------+-----------------+-------------------+-----------+-------------+----------------+-------------+----------+----------------+----------+--------------------+
| Global Id | Driver Type/Pin | Driver Region (D) | Clock     | Period (ns) | Waveform (ns)  | Slice Loads | IO Loads | Clocking Loads | GT Loads | Net                |
+-----------+-----------------+-------------------+-----------+-------------+----------------+-------------+----------+----------------+----------+--------------------+
| g0        | BUFG/O          | n/a               | cmos_pclk |      40.000 | {0.000 20.000} |        7925 |        0 |              0 |        0 | cam_pclk_IBUF_BUFG |
+-----------+-----------------+-------------------+-----------+-------------+----------------+-------------+----------+----------------+----------+--------------------+
* Slice Loads column represents load cell count of all cell types other than IO, GT and clock resources
** IO Loads column represents load cell count of IO types
*** Clocking Loads column represents load cell count that are clock resources (global clock buffer, MMCM, PLL, etc)
**** GT Loads column represents load cell count of GT types


+----+-------+-------+-----------------------+
|    | X0    | X1    | HORIZONTAL PROG DELAY |
+----+-------+-------+-----------------------+
| Y3 |  1877 |   866 |                     0 |
| Y2 |  1061 |  1135 |                     0 |
| Y1 |   726 |   968 |                     0 |
| Y0 |   535 |   757 |                     0 |
+----+-------+-------+-----------------------+


8. Device Cell Placement Summary for Global Clock g1
----------------------------------------------------

+-----------+-----------------+-------------------+-----------+-------------+---------------+-------------+----------+----------------+----------+--------------------------------------------------------------------------+
| Global Id | Driver Type/Pin | Driver Region (D) | Clock     | Period (ns) | Waveform (ns) | Slice Loads | IO Loads | Clocking Loads | GT Loads | Net                                                                      |
+-----------+-----------------+-------------------+-----------+-------------+---------------+-------------+----------+----------------+----------+--------------------------------------------------------------------------+
| g1        | BUFG/O          | n/a               | clk_pll_i |      10.000 | {0.000 5.000} |        5610 |        0 |              1 |        0 | u_ddr3_top/u_mig_7series_0/u_mig_7series_0_mig/u_ddr3_infrastructure/CLK |
+-----------+-----------------+-------------------+-----------+-------------+---------------+-------------+----------+----------------+----------+--------------------------------------------------------------------------+
* Slice Loads column represents load cell count of all cell types other than IO, GT and clock resources
** IO Loads column represents load cell count of IO types
*** Clocking Loads column represents load cell count that are clock resources (global clock buffer, MMCM, PLL, etc)
**** GT Loads column represents load cell count of GT types


+----+-------+-------+-----------------------+
|    | X0    | X1    | HORIZONTAL PROG DELAY |
+----+-------+-------+-----------------------+
| Y3 |  1171 |  1393 |                     0 |
| Y2 |   691 |  1644 |                     0 |
| Y1 |     0 |   712 |                     0 |
| Y0 |     0 |     0 |                     - |
+----+-------+-------+-----------------------+


9. Device Cell Placement Summary for Global Clock g2
----------------------------------------------------

+-----------+-----------------+-------------------+--------------------+-------------+----------------+-------------+----------+----------------+----------+--------------------+
| Global Id | Driver Type/Pin | Driver Region (D) | Clock              | Period (ns) | Waveform (ns)  | Slice Loads | IO Loads | Clocking Loads | GT Loads | Net                |
+-----------+-----------------+-------------------+--------------------+-------------+----------------+-------------+----------+----------------+----------+--------------------+
| g2        | BUFG/O          | n/a               | clk_out2_clk_wiz_0 |      20.000 | {0.000 10.000} |         700 |        1 |              0 |        0 | lcd_pclk_OBUF_BUFG |
+-----------+-----------------+-------------------+--------------------+-------------+----------------+-------------+----------+----------------+----------+--------------------+
* Slice Loads column represents load cell count of all cell types other than IO, GT and clock resources
** IO Loads column represents load cell count of IO types
*** Clocking Loads column represents load cell count that are clock resources (global clock buffer, MMCM, PLL, etc)
**** GT Loads column represents load cell count of GT types


+----+------+-----+-----------------------+
|    | X0   | X1  | HORIZONTAL PROG DELAY |
+----+------+-----+-----------------------+
| Y3 |  164 |   0 |                     0 |
| Y2 |  499 |   0 |                     0 |
| Y1 |    0 |  38 |                     0 |
| Y0 |    0 |   0 |                     - |
+----+------+-----+-----------------------+


10. Device Cell Placement Summary for Global Clock g3
-----------------------------------------------------

+-----------+-----------------+-------------------+---------+-------------+----------------+-------------+----------+----------------+----------+-------------------+
| Global Id | Driver Type/Pin | Driver Region (D) | Clock   | Period (ns) | Waveform (ns)  | Slice Loads | IO Loads | Clocking Loads | GT Loads | Net               |
+-----------+-----------------+-------------------+---------+-------------+----------------+-------------+----------+----------------+----------+-------------------+
| g3        | BUFG/O          | n/a               | sys_clk |      20.000 | {0.000 10.000} |          94 |        0 |              1 |        0 | sys_clk_IBUF_BUFG |
+-----------+-----------------+-------------------+---------+-------------+----------------+-------------+----------+----------------+----------+-------------------+
* Slice Loads column represents load cell count of all cell types other than IO, GT and clock resources
** IO Loads column represents load cell count of IO types
*** Clocking Loads column represents load cell count that are clock resources (global clock buffer, MMCM, PLL, etc)
**** GT Loads column represents load cell count of GT types


+----+-----+----+-----------------------+
|    | X0  | X1 | HORIZONTAL PROG DELAY |
+----+-----+----+-----------------------+
| Y3 |  23 |  0 |                     0 |
| Y2 |  46 |  0 |                     0 |
| Y1 |  25 |  0 |                     0 |
| Y0 |   1 |  0 |                     0 |
+----+-----+----+-----------------------+


11. Device Cell Placement Summary for Global Clock g4
-----------------------------------------------------

+-----------+-----------------+-------------------+-------+-------------+---------------+-------------+----------+----------------+----------+-------------+
| Global Id | Driver Type/Pin | Driver Region (D) | Clock | Period (ns) | Waveform (ns) | Slice Loads | IO Loads | Clocking Loads | GT Loads | Net         |
+-----------+-----------------+-------------------+-------+-------------+---------------+-------------+----------+----------------+----------+-------------+
| g4        | BUFG/O          | n/a               |       |             |               |          88 |        0 |              0 |        0 | i2c_dri_clk |
+-----------+-----------------+-------------------+-------+-------------+---------------+-------------+----------+----------------+----------+-------------+
* Slice Loads column represents load cell count of all cell types other than IO, GT and clock resources
** IO Loads column represents load cell count of IO types
*** Clocking Loads column represents load cell count that are clock resources (global clock buffer, MMCM, PLL, etc)
**** GT Loads column represents load cell count of GT types


+----+----+-----+-----------------------+
|    | X0 | X1  | HORIZONTAL PROG DELAY |
+----+----+-----+-----------------------+
| Y3 |  0 |   0 |                     - |
| Y2 |  0 |   0 |                     - |
| Y1 |  0 |  88 |                     0 |
| Y0 |  0 |   0 |                     - |
+----+----+-----+-----------------------+


12. Device Cell Placement Summary for Global Clock g5
-----------------------------------------------------

+-----------+-----------------+-------------------+-------+-------------+---------------+-------------+----------+----------------+----------+--------------------------------+
| Global Id | Driver Type/Pin | Driver Region (D) | Clock | Period (ns) | Waveform (ns) | Slice Loads | IO Loads | Clocking Loads | GT Loads | Net                            |
+-----------+-----------------+-------------------+-------+-------------+---------------+-------------+----------+----------------+----------+--------------------------------+
| g5        | BUFG/O          | n/a               |       |             |               |          64 |        0 |              0 |        0 | u4_add_char/char1_pixel_index0 |
+-----------+-----------------+-------------------+-------+-------------+---------------+-------------+----------+----------------+----------+--------------------------------+
* Slice Loads column represents load cell count of all cell types other than IO, GT and clock resources
** IO Loads column represents load cell count of IO types
*** Clocking Loads column represents load cell count that are clock resources (global clock buffer, MMCM, PLL, etc)
**** GT Loads column represents load cell count of GT types


+----+-----+----+-----------------------+
|    | X0  | X1 | HORIZONTAL PROG DELAY |
+----+-----+----+-----------------------+
| Y3 |  64 |  0 |                     0 |
| Y2 |   0 |  0 |                     - |
| Y1 |   0 |  0 |                     - |
| Y0 |   0 |  0 |                     - |
+----+-----+----+-----------------------+


13. Device Cell Placement Summary for Global Clock g6
-----------------------------------------------------

+-----------+-----------------+-------------------+--------------------+-------------+---------------+-------------+----------+----------------+----------+---------------------------+
| Global Id | Driver Type/Pin | Driver Region (D) | Clock              | Period (ns) | Waveform (ns) | Slice Loads | IO Loads | Clocking Loads | GT Loads | Net                       |
+-----------+-----------------+-------------------+--------------------+-------------+---------------+-------------+----------+----------------+----------+---------------------------+
| g6        | BUFG/O          | n/a               | clk_out1_clk_wiz_0 |       5.000 | {0.000 2.500} |          62 |        0 |              1 |        0 | u_clk_wiz_0/inst/clk_out1 |
+-----------+-----------------+-------------------+--------------------+-------------+---------------+-------------+----------+----------------+----------+---------------------------+
* Slice Loads column represents load cell count of all cell types other than IO, GT and clock resources
** IO Loads column represents load cell count of IO types
*** Clocking Loads column represents load cell count that are clock resources (global clock buffer, MMCM, PLL, etc)
**** GT Loads column represents load cell count of GT types


+----+-----+-----+-----------------------+
|    | X0  | X1  | HORIZONTAL PROG DELAY |
+----+-----+-----+-----------------------+
| Y3 |   0 |   0 |                     - |
| Y2 |  46 |   1 |                     0 |
| Y1 |   0 |  16 |                     0 |
| Y0 |   0 |   0 |                     - |
+----+-----+-----+-----------------------+


14. Device Cell Placement Summary for Global Clock g7
-----------------------------------------------------

+-----------+-----------------+-------------------+--------------------+-------------+----------------+-------------+----------+----------------+----------+---------------------------+
| Global Id | Driver Type/Pin | Driver Region (D) | Clock              | Period (ns) | Waveform (ns)  | Slice Loads | IO Loads | Clocking Loads | GT Loads | Net                       |
+-----------+-----------------+-------------------+--------------------+-------------+----------------+-------------+----------+----------------+----------+---------------------------+
| g7        | BUFG/O          | n/a               | clk_out2_clk_wiz_0 |      20.000 | {0.000 10.000} |          39 |        0 |              0 |        0 | u_clk_wiz_0/inst/clk_out2 |
+-----------+-----------------+-------------------+--------------------+-------------+----------------+-------------+----------+----------------+----------+---------------------------+
* Slice Loads column represents load cell count of all cell types other than IO, GT and clock resources
** IO Loads column represents load cell count of IO types
*** Clocking Loads column represents load cell count that are clock resources (global clock buffer, MMCM, PLL, etc)
**** GT Loads column represents load cell count of GT types


+----+----+-----+-----------------------+
|    | X0 | X1  | HORIZONTAL PROG DELAY |
+----+----+-----+-----------------------+
| Y3 |  0 |   0 |                     - |
| Y2 |  0 |   0 |                     - |
| Y1 |  0 |  39 |                     0 |
| Y0 |  0 |   0 |                     - |
+----+----+-----+-----------------------+


15. Device Cell Placement Summary for Global Clock g8
-----------------------------------------------------

+-----------+-----------------+-------------------+--------------------+-------------+----------------+-------------+----------+----------------+----------+-----------------------------------------+
| Global Id | Driver Type/Pin | Driver Region (D) | Clock              | Period (ns) | Waveform (ns)  | Slice Loads | IO Loads | Clocking Loads | GT Loads | Net                                     |
+-----------+-----------------+-------------------+--------------------+-------------+----------------+-------------+----------+----------------+----------+-----------------------------------------+
| g8        | BUFG/O          | n/a               | clkfbout_clk_wiz_0 |      20.000 | {0.000 10.000} |           0 |        0 |              1 |        0 | u_clk_wiz_0/inst/clkfbout_buf_clk_wiz_0 |
+-----------+-----------------+-------------------+--------------------+-------------+----------------+-------------+----------+----------------+----------+-----------------------------------------+
* Slice Loads column represents load cell count of all cell types other than IO, GT and clock resources
** IO Loads column represents load cell count of IO types
*** Clocking Loads column represents load cell count that are clock resources (global clock buffer, MMCM, PLL, etc)
**** GT Loads column represents load cell count of GT types


+----+----+----+-----------------------+
|    | X0 | X1 | HORIZONTAL PROG DELAY |
+----+----+----+-----------------------+
| Y3 |  0 |  0 |                     - |
| Y2 |  0 |  0 |                     - |
| Y1 |  0 |  0 |                     - |
| Y0 |  1 |  0 |                     0 |
+----+----+----+-----------------------+


16. Device Cell Placement Summary for Global Clock g9
-----------------------------------------------------

+-----------+-----------------+-------------------+--------------+-------------+---------------+-------------+----------+----------------+----------+-------------------------------------------------------------------------------+
| Global Id | Driver Type/Pin | Driver Region (D) | Clock        | Period (ns) | Waveform (ns) | Slice Loads | IO Loads | Clocking Loads | GT Loads | Net                                                                           |
+-----------+-----------------+-------------------+--------------+-------------+---------------+-------------+----------+----------------+----------+-------------------------------------------------------------------------------+
| g9        | BUFH/O          | X1Y1              | pll_clk3_out |      10.000 | {0.000 5.000} |           0 |        0 |              1 |        0 | u_ddr3_top/u_mig_7series_0/u_mig_7series_0_mig/u_ddr3_infrastructure/pll_clk3 |
+-----------+-----------------+-------------------+--------------+-------------+---------------+-------------+----------+----------------+----------+-------------------------------------------------------------------------------+
* Slice Loads column represents load cell count of all cell types other than IO, GT and clock resources
** IO Loads column represents load cell count of IO types
*** Clocking Loads column represents load cell count that are clock resources (global clock buffer, MMCM, PLL, etc)
**** GT Loads column represents load cell count of GT types


+----+----+--------+-----------------------+
|    | X0 | X1     | HORIZONTAL PROG DELAY |
+----+----+--------+-----------------------+
| Y3 |  0 |      0 |                     - |
| Y2 |  0 |      0 |                     - |
| Y1 |  0 |  (D) 1 |                     0 |
| Y0 |  0 |      0 |                     - |
+----+----+--------+-----------------------+


17. Clock Region Cell Placement per Global Clock: Region X0Y0
-------------------------------------------------------------

+-----------+-------+-----------------+------------+-------------+-----------------+-----+-------------+------+-----+----+------+-----+---------+-----------------------------------------+
| Global Id | Track | Driver Type/Pin | Constraint | Clock Loads | Non-Clock Loads | FF  | Memory LUTs | RAMB | DSP | GT | MMCM | PLL | Hard IP | Net                                     |
+-----------+-------+-----------------+------------+-------------+-----------------+-----+-------------+------+-----+----+------+-----+---------+-----------------------------------------+
| g0        | n/a   | BUFG/O          | None       |         535 |               0 | 535 |           0 |    0 |   0 |  0 |    0 |   0 |       0 | cam_pclk_IBUF_BUFG                      |
| g3        | n/a   | BUFG/O          | None       |           1 |               0 |   0 |           0 |    0 |   0 |  0 |    1 |   0 |       0 | sys_clk_IBUF_BUFG                       |
| g8        | n/a   | BUFG/O          | None       |           1 |               0 |   0 |           0 |    0 |   0 |  0 |    1 |   0 |       0 | u_clk_wiz_0/inst/clkfbout_buf_clk_wiz_0 |
+-----------+-------+-----------------+------------+-------------+-----------------+-----+-------------+------+-----+----+------+-----+---------+-----------------------------------------+
* Clock Loads column represents the clock pin loads (pin count). Internal cell leaf pins are not counted
** Non-Clock Loads column represents the non-clock pin loads (pin count)
*** Columns FF, LUTRAM, RAMB through 'Hard IP' represents load cell counts


18. Clock Region Cell Placement per Global Clock: Region X1Y0
-------------------------------------------------------------

+-----------+-------+-----------------+------------+-------------+-----------------+-----+-------------+------+-----+----+------+-----+---------+--------------------+
| Global Id | Track | Driver Type/Pin | Constraint | Clock Loads | Non-Clock Loads | FF  | Memory LUTs | RAMB | DSP | GT | MMCM | PLL | Hard IP | Net                |
+-----------+-------+-----------------+------------+-------------+-----------------+-----+-------------+------+-----+----+------+-----+---------+--------------------+
| g0        | n/a   | BUFG/O          | None       |         757 |               0 | 757 |           0 |    0 |   0 |  0 |    0 |   0 |       0 | cam_pclk_IBUF_BUFG |
+-----------+-------+-----------------+------------+-------------+-----------------+-----+-------------+------+-----+----+------+-----+---------+--------------------+
* Clock Loads column represents the clock pin loads (pin count). Internal cell leaf pins are not counted
** Non-Clock Loads column represents the non-clock pin loads (pin count)
*** Columns FF, LUTRAM, RAMB through 'Hard IP' represents load cell counts


19. Clock Region Cell Placement per Global Clock: Region X0Y1
-------------------------------------------------------------

+-----------+-------+-----------------+------------+-------------+-----------------+-----+-------------+------+-----+----+------+-----+---------+--------------------+
| Global Id | Track | Driver Type/Pin | Constraint | Clock Loads | Non-Clock Loads | FF  | Memory LUTs | RAMB | DSP | GT | MMCM | PLL | Hard IP | Net                |
+-----------+-------+-----------------+------------+-------------+-----------------+-----+-------------+------+-----+----+------+-----+---------+--------------------+
| g0        | n/a   | BUFG/O          | None       |         726 |               0 | 725 |           0 |    0 |   0 |  0 |    0 |   0 |       0 | cam_pclk_IBUF_BUFG |
| g3        | n/a   | BUFG/O          | None       |          25 |               0 |  25 |           0 |    0 |   0 |  0 |    0 |   0 |       0 | sys_clk_IBUF_BUFG  |
+-----------+-------+-----------------+------------+-------------+-----------------+-----+-------------+------+-----+----+------+-----+---------+--------------------+
* Clock Loads column represents the clock pin loads (pin count). Internal cell leaf pins are not counted
** Non-Clock Loads column represents the non-clock pin loads (pin count)
*** Columns FF, LUTRAM, RAMB through 'Hard IP' represents load cell counts


20. Clock Region Cell Placement per Global Clock: Region X1Y1
-------------------------------------------------------------

+-----------+-------+-----------------+------------+-------------+-----------------+-----+-------------+------+-----+----+------+-----+---------+-------------------------------------------------------------------------------+
| Global Id | Track | Driver Type/Pin | Constraint | Clock Loads | Non-Clock Loads | FF  | Memory LUTs | RAMB | DSP | GT | MMCM | PLL | Hard IP | Net                                                                           |
+-----------+-------+-----------------+------------+-------------+-----------------+-----+-------------+------+-----+----+------+-----+---------+-------------------------------------------------------------------------------+
| g0        | n/a   | BUFG/O          | None       |         968 |               0 | 968 |           0 |    0 |   0 |  0 |    0 |   0 |       0 | cam_pclk_IBUF_BUFG                                                            |
| g1        | n/a   | BUFG/O          | None       |         712 |               0 | 702 |           2 |    0 |   0 |  0 |    1 |   0 |       0 | u_ddr3_top/u_mig_7series_0/u_mig_7series_0_mig/u_ddr3_infrastructure/CLK      |
| g2        | n/a   | BUFG/O          | None       |          38 |               0 |  38 |           0 |    0 |   0 |  0 |    0 |   0 |       0 | lcd_pclk_OBUF_BUFG                                                            |
| g4        | n/a   | BUFG/O          | None       |          88 |               0 |  88 |           0 |    0 |   0 |  0 |    0 |   0 |       0 | i2c_dri_clk                                                                   |
| g6        | n/a   | BUFG/O          | None       |          16 |               0 |  15 |           0 |    0 |   0 |  0 |    0 |   1 |       0 | u_clk_wiz_0/inst/clk_out1                                                     |
| g7        | n/a   | BUFG/O          | None       |          38 |               1 |  38 |           0 |    0 |   0 |  0 |    0 |   0 |       0 | u_clk_wiz_0/inst/clk_out2                                                     |
| g9        | n/a   | BUFH/O          | None       |           1 |               0 |   0 |           0 |    0 |   0 |  0 |    1 |   0 |       0 | u_ddr3_top/u_mig_7series_0/u_mig_7series_0_mig/u_ddr3_infrastructure/pll_clk3 |
+-----------+-------+-----------------+------------+-------------+-----------------+-----+-------------+------+-----+----+------+-----+---------+-------------------------------------------------------------------------------+
* Clock Loads column represents the clock pin loads (pin count). Internal cell leaf pins are not counted
** Non-Clock Loads column represents the non-clock pin loads (pin count)
*** Columns FF, LUTRAM, RAMB through 'Hard IP' represents load cell counts


21. Clock Region Cell Placement per Global Clock: Region X0Y2
-------------------------------------------------------------

+-----------+-------+-----------------+------------+-------------+-----------------+------+-------------+------+-----+----+------+-----+---------+--------------------------------------------------------------------------+
| Global Id | Track | Driver Type/Pin | Constraint | Clock Loads | Non-Clock Loads | FF   | Memory LUTs | RAMB | DSP | GT | MMCM | PLL | Hard IP | Net                                                                      |
+-----------+-------+-----------------+------------+-------------+-----------------+------+-------------+------+-----+----+------+-----+---------+--------------------------------------------------------------------------+
| g0        | n/a   | BUFG/O          | None       |        1061 |               0 | 1056 |           2 |    1 |   0 |  0 |    0 |   0 |       0 | cam_pclk_IBUF_BUFG                                                       |
| g1        | n/a   | BUFG/O          | None       |         691 |               0 |  688 |           0 |    3 |   0 |  0 |    0 |   0 |       0 | u_ddr3_top/u_mig_7series_0/u_mig_7series_0_mig/u_ddr3_infrastructure/CLK |
| g2        | n/a   | BUFG/O          | None       |         498 |               1 |  495 |           0 |    3 |   0 |  0 |    0 |   0 |       0 | lcd_pclk_OBUF_BUFG                                                       |
| g3        | n/a   | BUFG/O          | None       |          46 |               0 |   46 |           0 |    0 |   0 |  0 |    0 |   0 |       0 | sys_clk_IBUF_BUFG                                                        |
| g6        | n/a   | BUFG/O          | None       |          46 |               0 |   45 |           0 |    0 |   0 |  0 |    0 |   0 |       0 | u_clk_wiz_0/inst/clk_out1                                                |
+-----------+-------+-----------------+------------+-------------+-----------------+------+-------------+------+-----+----+------+-----+---------+--------------------------------------------------------------------------+
* Clock Loads column represents the clock pin loads (pin count). Internal cell leaf pins are not counted
** Non-Clock Loads column represents the non-clock pin loads (pin count)
*** Columns FF, LUTRAM, RAMB through 'Hard IP' represents load cell counts


22. Clock Region Cell Placement per Global Clock: Region X1Y2
-------------------------------------------------------------

+-----------+-------+-----------------+------------+-------------+-----------------+------+-------------+------+-----+----+------+-----+---------+--------------------------------------------------------------------------+
| Global Id | Track | Driver Type/Pin | Constraint | Clock Loads | Non-Clock Loads | FF   | Memory LUTs | RAMB | DSP | GT | MMCM | PLL | Hard IP | Net                                                                      |
+-----------+-------+-----------------+------------+-------------+-----------------+------+-------------+------+-----+----+------+-----+---------+--------------------------------------------------------------------------+
| g0        | n/a   | BUFG/O          | None       |        1135 |               0 | 1131 |           0 |    4 |   0 |  0 |    0 |   0 |       0 | cam_pclk_IBUF_BUFG                                                       |
| g1        | n/a   | BUFG/O          | None       |        1644 |               0 | 1588 |           3 |    4 |   0 |  0 |    0 |   0 |       0 | u_ddr3_top/u_mig_7series_0/u_mig_7series_0_mig/u_ddr3_infrastructure/CLK |
| g6        | n/a   | BUFG/O          | None       |           1 |               0 |    0 |           0 |    0 |   0 |  0 |    0 |   0 |       0 | u_clk_wiz_0/inst/clk_out1                                                |
+-----------+-------+-----------------+------------+-------------+-----------------+------+-------------+------+-----+----+------+-----+---------+--------------------------------------------------------------------------+
* Clock Loads column represents the clock pin loads (pin count). Internal cell leaf pins are not counted
** Non-Clock Loads column represents the non-clock pin loads (pin count)
*** Columns FF, LUTRAM, RAMB through 'Hard IP' represents load cell counts


23. Clock Region Cell Placement per Global Clock: Region X0Y3
-------------------------------------------------------------

+-----------+-------+-----------------+------------+-------------+-----------------+------+-------------+------+-----+----+------+-----+---------+--------------------------------------------------------------------------+
| Global Id | Track | Driver Type/Pin | Constraint | Clock Loads | Non-Clock Loads | FF   | Memory LUTs | RAMB | DSP | GT | MMCM | PLL | Hard IP | Net                                                                      |
+-----------+-------+-----------------+------------+-------------+-----------------+------+-------------+------+-----+----+------+-----+---------+--------------------------------------------------------------------------+
| g0        | n/a   | BUFG/O          | None       |        1877 |               0 | 1866 |           8 |    1 |   0 |  0 |    0 |   0 |       0 | cam_pclk_IBUF_BUFG                                                       |
| g1        | n/a   | BUFG/O          | None       |        1171 |               0 | 1163 |           7 |    1 |   0 |  0 |    0 |   0 |       0 | u_ddr3_top/u_mig_7series_0/u_mig_7series_0_mig/u_ddr3_infrastructure/CLK |
| g2        | n/a   | BUFG/O          | None       |         164 |               0 |  162 |           1 |    1 |   0 |  0 |    0 |   0 |       0 | lcd_pclk_OBUF_BUFG                                                       |
| g3        | n/a   | BUFG/O          | None       |          23 |               0 |   23 |           0 |    0 |   0 |  0 |    0 |   0 |       0 | sys_clk_IBUF_BUFG                                                        |
| g5        | n/a   | BUFG/O          | None       |          64 |               0 |    0 |           0 |    0 |   0 |  0 |    0 |   0 |       0 | u4_add_char/char1_pixel_index0                                           |
+-----------+-------+-----------------+------------+-------------+-----------------+------+-------------+------+-----+----+------+-----+---------+--------------------------------------------------------------------------+
* Clock Loads column represents the clock pin loads (pin count). Internal cell leaf pins are not counted
** Non-Clock Loads column represents the non-clock pin loads (pin count)
*** Columns FF, LUTRAM, RAMB through 'Hard IP' represents load cell counts


24. Clock Region Cell Placement per Global Clock: Region X1Y3
-------------------------------------------------------------

+-----------+-------+-----------------+------------+-------------+-----------------+------+-------------+------+-----+----+------+-----+---------+--------------------------------------------------------------------------+
| Global Id | Track | Driver Type/Pin | Constraint | Clock Loads | Non-Clock Loads | FF   | Memory LUTs | RAMB | DSP | GT | MMCM | PLL | Hard IP | Net                                                                      |
+-----------+-------+-----------------+------------+-------------+-----------------+------+-------------+------+-----+----+------+-----+---------+--------------------------------------------------------------------------+
| g0        | n/a   | BUFG/O          | None       |         866 |               0 |  858 |           1 |    3 |   0 |  0 |    0 |   0 |       0 | cam_pclk_IBUF_BUFG                                                       |
| g1        | n/a   | BUFG/O          | None       |        1393 |               0 | 1384 |           9 |    0 |   0 |  0 |    0 |   0 |       0 | u_ddr3_top/u_mig_7series_0/u_mig_7series_0_mig/u_ddr3_infrastructure/CLK |
+-----------+-------+-----------------+------------+-------------+-----------------+------+-------------+------+-----+----+------+-----+---------+--------------------------------------------------------------------------+
* Clock Loads column represents the clock pin loads (pin count). Internal cell leaf pins are not counted
** Non-Clock Loads column represents the non-clock pin loads (pin count)
*** Columns FF, LUTRAM, RAMB through 'Hard IP' represents load cell counts



# Location of BUFG Primitives 
set_property LOC BUFGCTRL_X0Y1 [get_cells u_ddr3_top/u_mig_7series_0/u_mig_7series_0_mig/u_ddr3_infrastructure/u_bufg_clkdiv0]
set_property LOC BUFGCTRL_X0Y8 [get_cells u_clk_wiz_0/inst/clkf_buf]
set_property LOC BUFGCTRL_X0Y7 [get_cells u_clk_wiz_0/inst/clkout2_buf]
set_property LOC BUFGCTRL_X0Y3 [get_cells u_clk_wiz_0/inst/clkout1_buf]
set_property LOC BUFGCTRL_X0Y6 [get_cells char2_pixel_index_reg[8]_i_2]
set_property LOC BUFGCTRL_X0Y4 [get_cells sys_clk_IBUF_BUFG_inst]
set_property LOC BUFGCTRL_X0Y2 [get_cells lcd_pclk_OBUF_BUFG_inst]
set_property LOC BUFGCTRL_X0Y5 [get_cells i2c_exec_reg_i_2]
set_property LOC BUFGCTRL_X0Y0 [get_cells cam_pclk_IBUF_BUFG_inst]

# Location of BUFH Primitives 
set_property LOC BUFHCE_X1Y12 [get_cells u_ddr3_top/u_mig_7series_0/u_mig_7series_0_mig/u_ddr3_infrastructure/u_bufh_pll_clk3]

# Location of IO Primitives which is load of clock spine
set_property LOC IOB_X0Y138 [get_cells lcd_pclk_OBUF_inst]

# Location of clock ports
set_property LOC IOB_X0Y63 [get_ports cam_pclk]
set_property LOC IOB_X1Y74 [get_ports sys_clk]

# Clock net "u_ddr3_top/u_mig_7series_0/u_mig_7series_0_mig/u_ddr3_infrastructure/CLK" driven by instance "u_ddr3_top/u_mig_7series_0/u_mig_7series_0_mig/u_ddr3_infrastructure/u_bufg_clkdiv0" located at site "BUFGCTRL_X0Y1"
#startgroup
create_pblock {CLKAG_u_ddr3_top/u_mig_7series_0/u_mig_7series_0_mig/u_ddr3_infrastructure/CLK}
add_cells_to_pblock [get_pblocks  {CLKAG_u_ddr3_top/u_mig_7series_0/u_mig_7series_0_mig/u_ddr3_infrastructure/CLK}] [get_cells -filter { PRIMITIVE_GROUP != I/O && IS_PRIMITIVE==1 && PRIMITIVE_LEVEL !=INTERNAL && NAME!=u_ddr3_top/u_mig_7series_0/u_mig_7series_0_mig/u_ddr3_infrastructure/gen_mmcm.mmcm_i} -of_object [get_pins -filter {DIRECTION==IN} -of_objects [get_nets -hierarchical -filter {PARENT=="u_ddr3_top/u_mig_7series_0/u_mig_7series_0_mig/u_ddr3_infrastructure/CLK"}]]]
resize_pblock [get_pblocks {CLKAG_u_ddr3_top/u_mig_7series_0/u_mig_7series_0_mig/u_ddr3_infrastructure/CLK}] -add {CLOCKREGION_X0Y2:CLOCKREGION_X0Y2 CLOCKREGION_X0Y3:CLOCKREGION_X0Y3 CLOCKREGION_X1Y1:CLOCKREGION_X1Y1 CLOCKREGION_X1Y2:CLOCKREGION_X1Y2 CLOCKREGION_X1Y3:CLOCKREGION_X1Y3}
#endgroup

# Clock net "u_clk_wiz_0/inst/clk_out2" driven by instance "u_clk_wiz_0/inst/clkout2_buf" located at site "BUFGCTRL_X0Y7"
#startgroup
create_pblock {CLKAG_u_clk_wiz_0/inst/clk_out2}
add_cells_to_pblock [get_pblocks  {CLKAG_u_clk_wiz_0/inst/clk_out2}] [get_cells -filter { PRIMITIVE_GROUP != I/O && IS_PRIMITIVE==1 && PRIMITIVE_LEVEL !=INTERNAL } -of_object [get_pins -filter {DIRECTION==IN} -of_objects [get_nets -hierarchical -filter {PARENT=="u_clk_wiz_0/inst/clk_out2"}]]]
resize_pblock [get_pblocks {CLKAG_u_clk_wiz_0/inst/clk_out2}] -add {CLOCKREGION_X1Y1:CLOCKREGION_X1Y1}
#endgroup

# Clock net "u_clk_wiz_0/inst/clk_out1" driven by instance "u_clk_wiz_0/inst/clkout1_buf" located at site "BUFGCTRL_X0Y3"
#startgroup
create_pblock {CLKAG_u_clk_wiz_0/inst/clk_out1}
add_cells_to_pblock [get_pblocks  {CLKAG_u_clk_wiz_0/inst/clk_out1}] [get_cells -filter { PRIMITIVE_GROUP != I/O && IS_PRIMITIVE==1 && PRIMITIVE_LEVEL !=INTERNAL && NAME!=u_ddr3_top/u_mig_7series_0/u_mig_7series_0_mig/u_ddr3_infrastructure/plle2_i} -of_object [get_pins -filter {DIRECTION==IN} -of_objects [get_nets -hierarchical -filter {PARENT=="u_clk_wiz_0/inst/clk_out1"}]]]
resize_pblock [get_pblocks {CLKAG_u_clk_wiz_0/inst/clk_out1}] -add {CLOCKREGION_X0Y2:CLOCKREGION_X0Y2 CLOCKREGION_X1Y1:CLOCKREGION_X1Y1 CLOCKREGION_X1Y2:CLOCKREGION_X1Y2}
#endgroup

# Clock net "u4_add_char/char1_pixel_index0" driven by instance "char2_pixel_index_reg[8]_i_2" located at site "BUFGCTRL_X0Y6"
#startgroup
create_pblock {CLKAG_u4_add_char/char1_pixel_index0}
add_cells_to_pblock [get_pblocks  {CLKAG_u4_add_char/char1_pixel_index0}] [get_cells -filter { PRIMITIVE_GROUP != I/O && IS_PRIMITIVE==1 && PRIMITIVE_LEVEL !=INTERNAL } -of_object [get_pins -filter {DIRECTION==IN} -of_objects [get_nets -hierarchical -filter {PARENT=="u4_add_char/char1_pixel_index0"}]]]
resize_pblock [get_pblocks {CLKAG_u4_add_char/char1_pixel_index0}] -add {CLOCKREGION_X0Y3:CLOCKREGION_X0Y3}
#endgroup

# Clock net "sys_clk_IBUF_BUFG" driven by instance "sys_clk_IBUF_BUFG_inst" located at site "BUFGCTRL_X0Y4"
#startgroup
create_pblock {CLKAG_sys_clk_IBUF_BUFG}
add_cells_to_pblock [get_pblocks  {CLKAG_sys_clk_IBUF_BUFG}] [get_cells -filter { PRIMITIVE_GROUP != I/O && IS_PRIMITIVE==1 && PRIMITIVE_LEVEL !=INTERNAL && NAME!=u_clk_wiz_0/inst/mmcm_adv_inst} -of_object [get_pins -filter {DIRECTION==IN} -of_objects [get_nets -hierarchical -filter {PARENT=="sys_clk_IBUF_BUFG"}]]]
resize_pblock [get_pblocks {CLKAG_sys_clk_IBUF_BUFG}] -add {CLOCKREGION_X0Y1:CLOCKREGION_X0Y1 CLOCKREGION_X0Y2:CLOCKREGION_X0Y2 CLOCKREGION_X0Y3:CLOCKREGION_X0Y3}
#endgroup

# Clock net "lcd_pclk_OBUF_BUFG" driven by instance "lcd_pclk_OBUF_BUFG_inst" located at site "BUFGCTRL_X0Y2"
#startgroup
create_pblock {CLKAG_lcd_pclk_OBUF_BUFG}
add_cells_to_pblock [get_pblocks  {CLKAG_lcd_pclk_OBUF_BUFG}] [get_cells -filter { PRIMITIVE_GROUP != I/O && IS_PRIMITIVE==1 && PRIMITIVE_LEVEL !=INTERNAL && NAME!=lcd_pclk_OBUF_inst} -of_object [get_pins -filter {DIRECTION==IN} -of_objects [get_nets -hierarchical -filter {PARENT=="lcd_pclk_OBUF_BUFG"}]]]
resize_pblock [get_pblocks {CLKAG_lcd_pclk_OBUF_BUFG}] -add {CLOCKREGION_X0Y2:CLOCKREGION_X0Y2 CLOCKREGION_X0Y3:CLOCKREGION_X0Y3 CLOCKREGION_X1Y1:CLOCKREGION_X1Y1}
#endgroup

# Clock net "i2c_dri_clk" driven by instance "i2c_exec_reg_i_2" located at site "BUFGCTRL_X0Y5"
#startgroup
create_pblock {CLKAG_i2c_dri_clk}
add_cells_to_pblock [get_pblocks  {CLKAG_i2c_dri_clk}] [get_cells -filter { PRIMITIVE_GROUP != I/O && IS_PRIMITIVE==1 && PRIMITIVE_LEVEL !=INTERNAL } -of_object [get_pins -filter {DIRECTION==IN} -of_objects [get_nets -hierarchical -filter {PARENT=="i2c_dri_clk"}]]]
resize_pblock [get_pblocks {CLKAG_i2c_dri_clk}] -add {CLOCKREGION_X1Y1:CLOCKREGION_X1Y1}
#endgroup

# Clock net "cam_pclk_IBUF_BUFG" driven by instance "cam_pclk_IBUF_BUFG_inst" located at site "BUFGCTRL_X0Y0"
#startgroup
create_pblock {CLKAG_cam_pclk_IBUF_BUFG}
add_cells_to_pblock [get_pblocks  {CLKAG_cam_pclk_IBUF_BUFG}] [get_cells -filter { PRIMITIVE_GROUP != I/O && IS_PRIMITIVE==1 && PRIMITIVE_LEVEL !=INTERNAL } -of_object [get_pins -filter {DIRECTION==IN} -of_objects [get_nets -hierarchical -filter {PARENT=="cam_pclk_IBUF_BUFG"}]]]
resize_pblock [get_pblocks {CLKAG_cam_pclk_IBUF_BUFG}] -add {CLOCKREGION_X0Y0:CLOCKREGION_X0Y0 CLOCKREGION_X0Y1:CLOCKREGION_X0Y1 CLOCKREGION_X0Y2:CLOCKREGION_X0Y2 CLOCKREGION_X0Y3:CLOCKREGION_X0Y3 CLOCKREGION_X1Y0:CLOCKREGION_X1Y0 CLOCKREGION_X1Y1:CLOCKREGION_X1Y1 CLOCKREGION_X1Y2:CLOCKREGION_X1Y2 CLOCKREGION_X1Y3:CLOCKREGION_X1Y3}
#endgroup
